"\n"};
#include
#include
#include
#include
//
//
//
//
//
//
//
//
//
<fstream>
<iostream>
<string>
<vector>
>>
>>
a
and
b
b
b.end());
b.end(),
buffer
buffer
cin
copy
copy(b.begin(),
eos;
eos};
file
for
for
from
from
from,
get
ifstream
ii
initialized
input
input
input
input
int
is
is
istream_iterator<string>
istream_iterator<string>
iterator
iterator
main()
make
make
names
namespace
ofstream
oo
oo);
open
open
os
ostream_iterator<string>
output
output
output
sentinel
sort
sort(b.begin(),
source
std;
stream
stream
stream
stream
string
target
the
to
to;
to;
using
vector
vector<string>
{
{from};
{ii,
{is};
{os,
{to};
}
