0x109dc7188->X(int): 2 (2)
0x7fff55e3bad8->X(int): 4 (4)
0x7fff55e3bad0->X(X&): 4 (4)
0x7fff55e3bac0->X(int): 5 (5)
0x7fff55e3bad8->X::operator=(): 4 (5)
0x7fff55e3bac0->~X(): 5 (0)
0x7fff55e3bab0->X(X&): 4 (4)
0x7fff55e3bab8->X(X&): 4 (4)
0x7fff55e3bad0->X::operator=(): 4 (4)
0x7fff55e3bab8->~X(): 4 (0)
0x7fff55e3bab0->~X(): 4 (0)
0x7fff55e3baa0->X(X&): 4 (4)
0x7fff55e3baa8->X(X&): 4 (4)
0x7fff55e3bad0->X::operator=(): 4 (4)
0x7fff55e3baa8->~X(): 4 (0)
0x7fff55e3baa0->~X(): 4 (0)
0x7fff55e3ba98->X(int): 6 (6)
0x7fff55e3b998->X(int): 7 (7)
0x7f960cc02610->X(X&): 7 (7)
0x7fff55e3b998->~X(): 7 (0)
0x7f960cc02610->~X(): 7 (0)
0x7fff55e3b998->X(int): 8 (8)
0x7f960cc02610->X(X&): 8 (8)
0x7fff55e3b998->~X(): 8 (0)
0x7f960cc02610->~X(): 8 (0)
0x7f960cc02610->X(): 8 (0)
0x7f960cc02614->X(): -2147483648 (0)
0x7f960cc02618->X(): 0 (0)
0x7f960cc0261c->X(): -2147483648 (0)
0x7fff55e3ba70->X(): 1440987888 (0)
0x7fff55e3ba74->X(): 32767 (0)
0x7f960cc02620->X(int): 9 (9)
0x7f960cc02620->~X(): 9 (0)
0x7f960cc02638->X(): 0 (0)
0x7f960cc0263c->X(): -2147483648 (0)
0x7f960cc02640->X(): -215154674 (0)
0x7f960cc02644->X(): 32767 (0)
0x7f960cc02648->X(): -372999125 (0)
0x7f960cc02648->~X(): 0 (0)
0x7f960cc02644->~X(): 0 (0)
0x7f960cc02640->~X(): 0 (0)
0x7f960cc0263c->~X(): 0 (0)
0x7f960cc02638->~X(): 0 (0)
0x7fff55e3ba74->~X(): 0 (0)
0x7fff55e3ba70->~X(): 0 (0)
0x7f960cc0261c->~X(): 0 (0)
0x7f960cc02618->~X(): 0 (0)
0x7f960cc02614->~X(): 0 (0)
0x7f960cc02610->~X(): 0 (0)
0x7fff55e3ba98->~X(): 6 (0)
0x7fff55e3bad0->~X(): 4 (0)
0x7fff55e3bad8->~X(): 4 (0)
0x109dc7188->~X(): 2 (0)
